<?xml version="1.0" encoding="UTF-8"?>
<!-- Generated by org.testng.reporters.JUnitReportReporter -->
<testsuite hostname="DESKTOP-GA06P96" failures="0" tests="1" name="PracGit.ValidateSearch" time="10.895" errors="0" timestamp="2022-12-04T15:01:22 EST" skipped="0">
  <testcase classname="PracGit.ValidateSearch" name="Search" time="10.895"/>
  <system-out/>
</testsuite> <!-- PracGit.ValidateSearch -->
